argotunnel.com
browser.run
cf-china.info:@cn
cf-ipfs.com
cf-ns.com:@cn
cf-ns.net:@cn
cf-ns.site:@cn
cf-ns.tech:@cn
cfargotunnel.com
cfdata.org
cfl.re
cftest5.cn:@cn
cftest6.cn:@cn
cftest7.com:@cn
cftest8.com:@cn
cloudflare-cn.com:@cn
cloudflare-dns.com
cloudflare-ech.com
cloudflare-esni.com
cloudflare-gateway.com
cloudflare-ipfs.com
cloudflare-quic.com
cloudflare-terms-of-service-abuse.com
cloudflare.com
cloudflare.dev
cloudflare.net
cloudflare.tv
cloudflareaccess.com
cloudflareanycast.net:@cn
cloudflareapps.com
cloudflarebolt.com
cloudflarebrowser.com
cloudflarechallenge.com
cloudflarechina.cn:@cn
cloudflareclient.com
cloudflarecn.net:@cn
cloudflarecp.com
cloudflareglobal.net:@cn
cloudflareinsights-cn.com:@cn
cloudflareinsights.com
cloudflareok.com
cloudflarepartners.com
cloudflareperf.com:@cn
cloudflareportal.com
cloudflarepreview.com
cloudflareprod.com:@cn
cloudflareregistrar.com
cloudflareresearch.com
cloudflareresolve.com
cloudflaressl.com
cloudflarestaging.com:@cn
cloudflarestatus.com
cloudflarestorage.com
cloudflarestoragegw.com:@cn
cloudflarestream.com
cloudflaresupport.com
cloudflaretest.com
cloudflarewarp.com
cloudflareworkers.com
encryptedsni.com
every1dns.net
foundationdns.com
foundationdns.net
foundationdns.org
imagedelivery.net
isbgpsafeyet.com
one.one.one
pacloudflare.com
pages.dev
r2.dev
trycloudflare.com
videodelivery.net
warp.plus
workers.dev